<?xml version="1.0" encoding="UTF-8"?>
<!-- Generated by org.testng.reporters.JUnitXMLReporter -->
<testsuite ignored="0" hostname="DESKTOP-C2I0Q31" failures="0" tests="3" name="Default test" time="101.955" errors="0" timestamp="15 Jul 2020 07:14:27 GMT">
  <testcase classname="com.pa.qa.testcases.HomePageTest" name="HomePageSlidesTest" time="8.287"/>
  <testcase classname="com.pa.qa.testcases.HomePageTest" name="HomePageArrivalsTest" time="5.093"/>
  <testcase classname="com.pa.qa.testcases.HomePageTest" name="HomePageNewArrivalsNavigateTest" time="26.376"/>
</testsuite> <!-- Default test -->
