<?xml version="1.0" encoding="UTF-8"?>
<testng-results ignored="0" total="3" passed="3" failed="0" skipped="0">
  <reporter-output>
    <line>
      <![CDATA[Browser Launched successfully]]>
    </line>
    <line>
      <![CDATA[Sucessfully validated the three slides ]]>
    </line>
    <line>
      <![CDATA[Browser Launched successfully]]>
    </line>
    <line>
      <![CDATA[Sucessfully validated the three slides ]]>
    </line>
    <line>
      <![CDATA[Browser Launched successfully]]>
    </line>
    <line>
      <![CDATA[Sucessfully validated the three slides ]]>
    </line>
  </reporter-output>
  <suite started-at="2020-07-15T07:12:45Z" name="Default suite" finished-at="2020-07-15T07:14:27Z" duration-ms="101955">
    <groups>
    </groups>
    <test started-at="2020-07-15T07:12:45Z" name="Default test" finished-at="2020-07-15T07:14:27Z" duration-ms="101955">
      <class name="com.pa.qa.testcases.HomePageTest">
        <test-method is-config="true" signature="ConfigureReport()[pri:0, instance:com.pa.qa.testcases.HomePageTest@19f9d595]" started-at="2020-07-15T12:42:44Z" name="ConfigureReport" finished-at="2020-07-15T12:42:45Z" duration-ms="708" status="PASS">
          <reporter-output>
          </reporter-output>
        </test-method> <!-- ConfigureReport -->
        <test-method is-config="true" signature="setUp()[pri:0, instance:com.pa.qa.testcases.HomePageTest@19f9d595]" started-at="2020-07-15T12:42:45Z" name="setUp" finished-at="2020-07-15T12:43:10Z" duration-ms="25048" status="PASS">
          <reporter-output>
            <line>
              <![CDATA[Browser Launched successfully]]>
            </line>
          </reporter-output>
        </test-method> <!-- setUp -->
        <test-method signature="HomePageSlidesTest()[pri:0, instance:com.pa.qa.testcases.HomePageTest@19f9d595]" started-at="2020-07-15T12:43:11Z" name="HomePageSlidesTest" finished-at="2020-07-15T12:43:19Z" duration-ms="8287" status="PASS">
          <reporter-output>
            <line>
              <![CDATA[Sucessfully validated the three slides ]]>
            </line>
          </reporter-output>
        </test-method> <!-- HomePageSlidesTest -->
        <test-method is-config="true" signature="getResult(org.testng.ITestResult)[pri:0, instance:com.pa.qa.testcases.HomePageTest@19f9d595]" started-at="2020-07-15T12:43:19Z" name="getResult" finished-at="2020-07-15T12:43:24Z" duration-ms="5375" status="PASS">
          <params>
            <param index="0">
              <value>
                <![CDATA[[TestResult name=HomePageSlidesTest status=SUCCESS method=HomePageTest.HomePageSlidesTest()[pri:0, instance:com.pa.qa.testcases.HomePageTest@19f9d595] output=Sucessfully validated the three slides ]]]>
              </value>
            </param>
          </params>
          <reporter-output>
          </reporter-output>
        </test-method> <!-- getResult -->
        <test-method is-config="true" signature="setUp()[pri:0, instance:com.pa.qa.testcases.HomePageTest@19f9d595]" started-at="2020-07-15T12:43:24Z" name="setUp" finished-at="2020-07-15T12:43:36Z" duration-ms="11544" status="PASS">
          <reporter-output>
            <line>
              <![CDATA[Browser Launched successfully]]>
            </line>
          </reporter-output>
        </test-method> <!-- setUp -->
        <test-method signature="HomePageArrivalsTest()[pri:1, instance:com.pa.qa.testcases.HomePageTest@19f9d595]" started-at="2020-07-15T12:43:36Z" name="HomePageArrivalsTest" finished-at="2020-07-15T12:43:41Z" duration-ms="5093" status="PASS">
          <reporter-output>
            <line>
              <![CDATA[Sucessfully validated the three slides ]]>
            </line>
          </reporter-output>
        </test-method> <!-- HomePageArrivalsTest -->
        <test-method is-config="true" signature="getResult(org.testng.ITestResult)[pri:0, instance:com.pa.qa.testcases.HomePageTest@19f9d595]" started-at="2020-07-15T12:43:41Z" name="getResult" finished-at="2020-07-15T12:43:43Z" duration-ms="1871" status="PASS">
          <params>
            <param index="0">
              <value>
                <![CDATA[[TestResult name=HomePageArrivalsTest status=SUCCESS method=HomePageTest.HomePageArrivalsTest()[pri:1, instance:com.pa.qa.testcases.HomePageTest@19f9d595] output=Sucessfully validated the three slides ]]]>
              </value>
            </param>
          </params>
          <reporter-output>
          </reporter-output>
        </test-method> <!-- getResult -->
        <test-method is-config="true" signature="setUp()[pri:0, instance:com.pa.qa.testcases.HomePageTest@19f9d595]" started-at="2020-07-15T12:43:43Z" name="setUp" finished-at="2020-07-15T12:43:53Z" duration-ms="10053" status="PASS">
          <reporter-output>
            <line>
              <![CDATA[Browser Launched successfully]]>
            </line>
          </reporter-output>
        </test-method> <!-- setUp -->
        <test-method signature="HomePageNewArrivalsNavigateTest()[pri:2, instance:com.pa.qa.testcases.HomePageTest@19f9d595]" started-at="2020-07-15T12:43:53Z" name="HomePageNewArrivalsNavigateTest" finished-at="2020-07-15T12:44:19Z" duration-ms="26376" status="PASS">
          <reporter-output>
            <line>
              <![CDATA[Sucessfully validated the three slides ]]>
            </line>
          </reporter-output>
        </test-method> <!-- HomePageNewArrivalsNavigateTest -->
        <test-method is-config="true" signature="getResult(org.testng.ITestResult)[pri:0, instance:com.pa.qa.testcases.HomePageTest@19f9d595]" started-at="2020-07-15T12:44:19Z" name="getResult" finished-at="2020-07-15T12:44:27Z" duration-ms="7520" status="PASS">
          <params>
            <param index="0">
              <value>
                <![CDATA[[TestResult name=HomePageNewArrivalsNavigateTest status=SUCCESS method=HomePageTest.HomePageNewArrivalsNavigateTest()[pri:2, instance:com.pa.qa.testcases.HomePageTest@19f9d595] output=Sucessfully validated the three slides ]]]>
              </value>
            </param>
          </params>
          <reporter-output>
          </reporter-output>
        </test-method> <!-- getResult -->
        <test-method is-config="true" signature="tearDown()[pri:0, instance:com.pa.qa.testcases.HomePageTest@19f9d595]" started-at="2020-07-15T12:44:28Z" name="tearDown" finished-at="2020-07-15T12:44:29Z" duration-ms="1255" status="PASS">
          <reporter-output>
          </reporter-output>
        </test-method> <!-- tearDown -->
      </class> <!-- com.pa.qa.testcases.HomePageTest -->
    </test> <!-- Default test -->
  </suite> <!-- Default suite -->
</testng-results>
